<?xml version="1.0" encoding="UTF-8" ?>
<testsuites>
  <testsuite errors="0" failures="2" hostname="DESKTOP-AD6TP7S" id="0" name="JUnit Jupiter" package="" skipped="0" tests="70" time="0.214" timestamp="2026-03-11T06:30:41">
    <properties>
[...]
</properties>

    <testcase classname="CalculatorHandlerTest$MultTests" name="multPositiveNegative()" time="0.001">
      <system-out><![CDATA[
unique-id: [engine:junit-jupiter]/[class:CalculatorHandlerTest]/[nested-class:MultTests]/[method:multPositiveNegative()]
display-name: multiplies positive and negative
]]></system-out>

    </testcase>

    <testcase classname="ValidatorTest$ValidateATests" name="throwsPositiveInfinity()" time="0.001">
      <system-out><![CDATA[
unique-id: [engine:junit-jupiter]/[class:ValidatorTest]/[nested-class:ValidateATests]/[method:throwsPositiveInfinity()]
display-name: throws when a is positive infinity
]]></system-out>

    </testcase>

    <testcase classname="ValidatorTest$ValidateATests" name="throwsTooLarge()" time="0">
      <system-out><![CDATA[
unique-id: [engine:junit-jupiter]/[class:ValidatorTest]/[nested-class:ValidateATests]/[method:throwsTooLarge()]
display-name: throws when a exceeds max (1,000,000,001)
]]></system-out>

    </testcase>

    <testcase classname="ValidatorTest$ValidateOperationTests" name="unknownModulo()" time="0">
      <system-out><![CDATA[
unique-id: [engine:junit-jupiter]/[class:ValidatorTest]/[nested-class:ValidateOperationTests]/[method:unknownModulo()]
display-name: throws for unknown operation 'modulo'
]]></system-out>

    </testcase>

    <testcase classname="CalculatorHandlerTest$MultTests" name="multTwoPositives()" time="0">
      <system-out><![CDATA[
unique-id: [engine:junit-jupiter]/[class:CalculatorHandlerTest]/[nested-class:MultTests]/[method:multTwoPositives()]
display-name: multiplies two positive numbers
]]></system-out>

    </testcase>

    <testcase classname="JsonUtilTest$FromJsonThreeArgTests" name="acceptsSubsetOfKeys()" time="0.001">
      <system-out><![CDATA[
unique-id: [engine:junit-jupiter]/[class:JsonUtilTest]/[nested-class:FromJsonThreeArgTests]/[method:acceptsSubsetOfKeys()]
display-name: accepts JSON with a subset of allowed keys
]]></system-out>

    </testcase>

    <testcase classname="ValidatorTest$ValidateATests" name="acceptsNegative()" time="0">
      <system-out><![CDATA[
unique-id: [engine:junit-jupiter]/[class:ValidatorTest]/[nested-class:ValidateATests]/[method:acceptsNegative()]
display-name: accepts a normal negative value
]]></system-out>

    </testcase>

    <testcase classname="CalculatorHandlerTest$DivideTests" name="divideZeroByNumber()" time="0">
      <system-out><![CDATA[
unique-id: [engine:junit-jupiter]/[class:CalculatorHandlerTest]/[nested-class:DivideTests]/[method:divideZeroByNumber()]
display-name: divides zero by a number gives zero
]]></system-out>

    </testcase>

    <testcase classname="ValidatorTest$ValidateATests" name="acceptsBoundaryMax()" time="0">
      <system-out><![CDATA[
unique-id: [engine:junit-jupiter]/[class:ValidatorTest]/[nested-class:ValidateATests]/[method:acceptsBoundaryMax()]
display-name: accepts the boundary max value 1,000,000,000
]]></system-out>

    </testcase>

    <testcase classname="ValidatorTest$ValidateOperationTests" name="nullOperation()" time="0">
      <system-out><![CDATA[
unique-id: [engine:junit-jupiter]/[class:ValidatorTest]/[nested-class:ValidateOperationTests]/[method:nullOperation()]
display-name: throws when operation is null
]]></system-out>

    </testcase>

    <testcase classname="ValidatorTest$ValidateOperationTests" name="division()" time="0.001">
      <system-out><![CDATA[
unique-id: [engine:junit-jupiter]/[class:ValidatorTest]/[nested-class:ValidateOperationTests]/[method:division()]
display-name: 'division' maps to 'divide'
]]></system-out>

    </testcase>

    <testcase classname="JsonUtilTest$FromJsonThreeArgTests" name="errorMentionsFieldName()" time="0.002">
      <failure message="Expected java.lang.IllegalArgumentException to be thrown, but nothing was thrown." type="org.opentest4j.AssertionFailedError"><![CDATA[org.opentest4j.AssertionFailedError: Expected java.lang.IllegalArgumentException to be thrown, but nothing was thrown.
	at org.junit.jupiter.api.AssertionFailureBuilder.build(AssertionFailureBuilder.java:152)
	at org.junit.jupiter.api.AssertThrows.assertThrows(AssertThrows.java:73)
	at org.junit.jupiter.api.AssertThrows.assertThrows(AssertThrows.java:35)
	at org.junit.jupiter.api.Assertions.assertThrows(Assertions.java:3111)
	at JsonUtilTest$FromJsonThreeArgTests.errorMentionsFieldName(JsonUtilTest.java:133)
	at java.base/java.lang.reflect.Method.invoke(Method.java:580)
	at java.base/java.util.ArrayList.forEach(ArrayList.java:1596)
	at java.base/java.util.ArrayList.forEach(ArrayList.java:1596)
	at java.base/java.util.ArrayList.forEach(ArrayList.java:1596)
]]></failure>

      <system-out><![CDATA[
unique-id: [engine:junit-jupiter]/[class:JsonUtilTest]/[nested-class:FromJsonThreeArgTests]/[method:errorMentionsFieldName()]
display-name: error message lists the unknown field name
]]></system-out>

    </testcase>

    <testcase classname="CalculatorHandlerTest$DivideTests" name="divideNegativeByNegative()" time="0">
      <system-out><![CDATA[
unique-id: [engine:junit-jupiter]/[class:CalculatorHandlerTest]/[nested-class:DivideTests]/[method:divideNegativeByNegative()]
display-name: divides negative by negative gives positive
]]></system-out>

    </testcase>

    <testcase classname="CalculatorHandlerTest$UnknownOperationTests" name="emptyOperation()" time="0.003">
      <system-out><![CDATA[
unique-id: [engine:junit-jupiter]/[class:CalculatorHandlerTest]/[nested-class:UnknownOperationTests]/[method:emptyOperation()]
display-name: throws IllegalArgumentException for empty string operation
]]></system-out>

    </testcase>

    <testcase classname="CalculatorHandlerTest$SubTests" name="subTwoPositives()" time="0">
      <system-out><![CDATA[
unique-id: [engine:junit-jupiter]/[class:CalculatorHandlerTest]/[nested-class:SubTests]/[method:subTwoPositives()]
display-name: subtracts two positive numbers
]]></system-out>

    </testcase>

    <testcase classname="ValidatorTest$ValidateOperationTests" name="subtract()" time="0.022">
      <system-out><![CDATA[
unique-id: [engine:junit-jupiter]/[class:ValidatorTest]/[nested-class:ValidateOperationTests]/[method:subtract()]
display-name: 'subtract' maps to 'sub'
]]></system-out>

    </testcase>

    <testcase classname="CalculatorHandlerTest$SubTests" name="subEqual()" time="0.001">
      <system-out><![CDATA[
unique-id: [engine:junit-jupiter]/[class:CalculatorHandlerTest]/[nested-class:SubTests]/[method:subEqual()]
display-name: result is zero when a == b
]]></system-out>

    </testcase>

    <testcase classname="ValidatorTest$ValidateOperationTests" name="subtraction()" time="0.001">
      <system-out><![CDATA[
unique-id: [engine:junit-jupiter]/[class:ValidatorTest]/[nested-class:ValidateOperationTests]/[method:subtraction()]
display-name: 'subtraction' maps to 'sub'
]]></system-out>

    </testcase>

    <testcase classname="ValidatorTest$ValidateBTests" name="throwsNaN()" time="0">
      <system-out><![CDATA[
unique-id: [engine:junit-jupiter]/[class:ValidatorTest]/[nested-class:ValidateBTests]/[method:throwsNaN()]
display-name: throws when b is NaN
]]></system-out>

    </testcase>

    <testcase classname="JsonUtilTest$FromJsonThreeArgTests" name="acceptsEmptyObject()" time="0.001">
      <system-out><![CDATA[
unique-id: [engine:junit-jupiter]/[class:JsonUtilTest]/[nested-class:FromJsonThreeArgTests]/[method:acceptsEmptyObject()]
display-name: accepts an empty JSON object
]]></system-out>

    </testcase>

    <testcase classname="CalculatorHandlerTest$MultTests" name="multDecimals()" time="0">
      <system-out><![CDATA[
unique-id: [engine:junit-jupiter]/[class:CalculatorHandlerTest]/[nested-class:MultTests]/[method:multDecimals()]
display-name: multiplies two decimals
]]></system-out>

    </testcase>

    <testcase classname="JsonUtilTest$FromJsonThreeArgTests" name="throwsForUnknownKey()" time="0.057">
      <failure message="Expected java.lang.IllegalArgumentException to be thrown, but nothing was thrown." type="org.opentest4j.AssertionFailedError"><![CDATA[org.opentest4j.AssertionFailedError: Expected java.lang.IllegalArgumentException to be thrown, but nothing was thrown.
	at org.junit.jupiter.api.AssertionFailureBuilder.build(AssertionFailureBuilder.java:152)
	at org.junit.jupiter.api.AssertThrows.assertThrows(AssertThrows.java:73)
	at org.junit.jupiter.api.AssertThrows.assertThrows(AssertThrows.java:35)
	at org.junit.jupiter.api.Assertions.assertThrows(Assertions.java:3111)
	at JsonUtilTest$FromJsonThreeArgTests.throwsForUnknownKey(JsonUtilTest.java:124)
	at java.base/java.lang.reflect.Method.invoke(Method.java:580)
	at java.base/java.util.ArrayList.forEach(ArrayList.java:1596)
	at java.base/java.util.ArrayList.forEach(ArrayList.java:1596)
	at java.base/java.util.ArrayList.forEach(ArrayList.java:1596)
]]></failure>

      <system-out><![CDATA[
unique-id: [engine:junit-jupiter]/[class:JsonUtilTest]/[nested-class:FromJsonThreeArgTests]/[method:throwsForUnknownKey()]
display-name: throws IllegalArgumentException for an unknown key
]]></system-out>

    </testcase>

    <testcase classname="ValidatorTest$ValidateATests" name="acceptsBoundaryMin()" time="0.001">
      <system-out><![CDATA[
unique-id: [engine:junit-jupiter]/[class:ValidatorTest]/[nested-class:ValidateATests]/[method:acceptsBoundaryMin()]
display-name: accepts the boundary min value -1,000,000,000
]]></system-out>

    </testcase>

    <testcase classname="JsonUtilTest$ToJsonTests" name="serializesCalculatorResponse()" time="0.005">
      <system-out><![CDATA[
unique-id: [engine:junit-jupiter]/[class:JsonUtilTest]/[nested-class:ToJsonTests]/[method:serializesCalculatorResponse()]
display-name: serializes CalculatorResponse correctly
]]></system-out>

    </testcase>

    <testcase classname="ValidatorTest$ValidateATests" name="acceptsZero()" time="0.001">
      <system-out><![CDATA[
unique-id: [engine:junit-jupiter]/[class:ValidatorTest]/[nested-class:ValidateATests]/[method:acceptsZero()]
display-name: accepts zero
]]></system-out>

    </testcase>

    <testcase classname="JsonUtilTest$FromJsonThreeArgTests" name="acceptsAllAllowedKeys()" time="0">
      <system-out><![CDATA[
unique-id: [engine:junit-jupiter]/[class:JsonUtilTest]/[nested-class:FromJsonThreeArgTests]/[method:acceptsAllAllowedKeys()]
display-name: accepts JSON whose keys are all allowed
]]></system-out>

    </testcase>

    <testcase classname="ValidatorTest$ValidateOperationTests" name="mul()" time="0">
      <system-out><![CDATA[
unique-id: [engine:junit-jupiter]/[class:ValidatorTest]/[nested-class:ValidateOperationTests]/[method:mul()]
display-name: 'mul' maps to 'mult'
]]></system-out>

    </testcase>

    <testcase classname="ValidatorTest$ValidateATests" name="acceptsPositive()" time="0">
      <system-out><![CDATA[
unique-id: [engine:junit-jupiter]/[class:ValidatorTest]/[nested-class:ValidateATests]/[method:acceptsPositive()]
display-name: accepts a normal positive value
]]></system-out>

    </testcase>

    <testcase classname="ValidatorTest$ValidateOperationTests" name="div()" time="0.001">
      <system-out><![CDATA[
unique-id: [engine:junit-jupiter]/[class:ValidatorTest]/[nested-class:ValidateOperationTests]/[method:div()]
display-name: 'div' maps to 'divide'
]]></system-out>

    </testcase>

    <testcase classname="ValidatorTest$ValidateOperationTests" name="emptyOperation()" time="0">
      <system-out><![CDATA[
unique-id: [engine:junit-jupiter]/[class:ValidatorTest]/[nested-class:ValidateOperationTests]/[method:emptyOperation()]
display-name: throws when operation is empty string
]]></system-out>

    </testcase>

    <testcase classname="CalculatorHandlerTest$AddTests" name="addTwoPositives()" time="0">
      <system-out><![CDATA[
unique-id: [engine:junit-jupiter]/[class:CalculatorHandlerTest]/[nested-class:AddTests]/[method:addTwoPositives()]
display-name: adds two positive numbers
]]></system-out>

    </testcase>

    <testcase classname="ValidatorTest$ValidateOperationTests" name="multiplication()" time="0">
      <system-out><![CDATA[
unique-id: [engine:junit-jupiter]/[class:ValidatorTest]/[nested-class:ValidateOperationTests]/[method:multiplication()]
display-name: 'multiplication' maps to 'mult'
]]></system-out>

    </testcase>

    <testcase classname="CalculatorHandlerTest$MultTests" name="multByZero()" time="0.001">
      <system-out><![CDATA[
unique-id: [engine:junit-jupiter]/[class:CalculatorHandlerTest]/[nested-class:MultTests]/[method:multByZero()]
display-name: multiplies by zero gives zero
]]></system-out>

    </testcase>

    <testcase classname="CalculatorHandlerTest$UnknownOperationTests" name="unknownOperation()" time="0">
      <system-out><![CDATA[
unique-id: [engine:junit-jupiter]/[class:CalculatorHandlerTest]/[nested-class:UnknownOperationTests]/[method:unknownOperation()]
display-name: throws IllegalArgumentException for unknown operation
]]></system-out>

    </testcase>

    <testcase classname="CalculatorHandlerTest$SubTests" name="subZero()" time="0">
      <system-out><![CDATA[
unique-id: [engine:junit-jupiter]/[class:CalculatorHandlerTest]/[nested-class:SubTests]/[method:subZero()]
display-name: subtracts zero
]]></system-out>

    </testcase>

    <testcase classname="ValidatorTest$ValidateOperationTests" name="multiply()" time="0">
      <system-out><![CDATA[
unique-id: [engine:junit-jupiter]/[class:ValidatorTest]/[nested-class:ValidateOperationTests]/[method:multiply()]
display-name: 'multiply' maps to 'mult'
]]></system-out>

    </testcase>

    <testcase classname="ValidatorTest$ValidateBTests" name="throwsNegativeInfinity()" time="0">
      <system-out><![CDATA[
unique-id: [engine:junit-jupiter]/[class:ValidatorTest]/[nested-class:ValidateBTests]/[method:throwsNegativeInfinity()]
display-name: throws when b is negative infinity
]]></system-out>

    </testcase>

    <testcase classname="CalculatorHandlerTest$MultTests" name="multByOne()" time="0">
      <system-out><![CDATA[
unique-id: [engine:junit-jupiter]/[class:CalculatorHandlerTest]/[nested-class:MultTests]/[method:multByOne()]
display-name: multiplies by one gives same value
]]></system-out>

    </testcase>

    <testcase classname="ValidatorTest$ValidateATests" name="throwsNaN()" time="0">
      <system-out><![CDATA[
unique-id: [engine:junit-jupiter]/[class:ValidatorTest]/[nested-class:ValidateATests]/[method:throwsNaN()]
display-name: throws when a is NaN
]]></system-out>

    </testcase>

    <testcase classname="ValidatorTest$ValidateBTests" name="throwsTooSmall()" time="0">
      <system-out><![CDATA[
unique-id: [engine:junit-jupiter]/[class:ValidatorTest]/[nested-class:ValidateBTests]/[method:throwsTooSmall()]
display-name: throws when b is below min
]]></system-out>

    </testcase>

    <testcase classname="CalculatorHandlerTest$SubTests" name="subNegative()" time="0.001">
      <system-out><![CDATA[
unique-id: [engine:junit-jupiter]/[class:CalculatorHandlerTest]/[nested-class:SubTests]/[method:subNegative()]
display-name: subtracts negative number (effectively adds)
]]></system-out>

    </testcase>

    <testcase classname="JsonUtilTest$FromJsonTwoArgTests" name="throwsForMalformedJson()" time="0">
      <system-out><![CDATA[
unique-id: [engine:junit-jupiter]/[class:JsonUtilTest]/[nested-class:FromJsonTwoArgTests]/[method:throwsForMalformedJson()]
display-name: throws JsonSyntaxException for malformed JSON
]]></system-out>

    </testcase>

    <testcase classname="JsonUtilTest$FromJsonTwoArgTests" name="missingFieldsGiveDefaults()" time="0.001">
      <system-out><![CDATA[
unique-id: [engine:junit-jupiter]/[class:JsonUtilTest]/[nested-class:FromJsonTwoArgTests]/[method:missingFieldsGiveDefaults()]
display-name: returns object with defaults for missing fields
]]></system-out>

    </testcase>

    <testcase classname="ValidatorTest$ValidateOperationTests" name="divide()" time="0">
      <system-out><![CDATA[
unique-id: [engine:junit-jupiter]/[class:ValidatorTest]/[nested-class:ValidateOperationTests]/[method:divide()]
display-name: 'divide' maps to 'divide'
]]></system-out>

    </testcase>

    <testcase classname="ValidatorTest$ValidateBTests" name="acceptsPositive()" time="0">
      <system-out><![CDATA[
unique-id: [engine:junit-jupiter]/[class:ValidatorTest]/[nested-class:ValidateBTests]/[method:acceptsPositive()]
display-name: accepts a normal positive value
]]></system-out>

    </testcase>

    <testcase classname="ValidatorTest$ValidateATests" name="throwsNegativeInfinity()" time="0.001">
      <system-out><![CDATA[
unique-id: [engine:junit-jupiter]/[class:ValidatorTest]/[nested-class:ValidateATests]/[method:throwsNegativeInfinity()]
display-name: throws when a is negative infinity
]]></system-out>

    </testcase>

    <testcase classname="CalculatorHandlerTest$SubTests" name="subResultNegative()" time="0.001">
      <system-out><![CDATA[
unique-id: [engine:junit-jupiter]/[class:CalculatorHandlerTest]/[nested-class:SubTests]/[method:subResultNegative()]
display-name: result is negative when b > a
]]></system-out>

    </testcase>

    <testcase classname="CalculatorHandlerTest$AddTests" name="addTwoNegatives()" time="0">
      <system-out><![CDATA[
unique-id: [engine:junit-jupiter]/[class:CalculatorHandlerTest]/[nested-class:AddTests]/[method:addTwoNegatives()]
display-name: adds two negative numbers
]]></system-out>

    </testcase>

    <testcase classname="ValidatorTest$ValidateOperationTests" name="add()" time="0.001">
      <system-out><![CDATA[
unique-id: [engine:junit-jupiter]/[class:ValidatorTest]/[nested-class:ValidateOperationTests]/[method:add()]
display-name: 'add' maps to 'add'
]]></system-out>

    </testcase>

    <testcase classname="ValidatorTest$ValidateOperationTests" name="addUppercase()" time="0">
      <system-out><![CDATA[
unique-id: [engine:junit-jupiter]/[class:ValidatorTest]/[nested-class:ValidateOperationTests]/[method:addUppercase()]
display-name: 'ADD' (uppercase) maps to 'add'
]]></system-out>

    </testcase>

    <testcase classname="CalculatorHandlerTest$DivideTests" name="divideNegativeByPositive()" time="0">
      <system-out><![CDATA[
unique-id: [engine:junit-jupiter]/[class:CalculatorHandlerTest]/[nested-class:DivideTests]/[method:divideNegativeByPositive()]
display-name: divides negative by positive
]]></system-out>

    </testcase>

    <testcase classname="CalculatorHandlerTest$AddTests" name="addPositiveAndNegative()" time="0.001">
      <system-out><![CDATA[
unique-id: [engine:junit-jupiter]/[class:CalculatorHandlerTest]/[nested-class:AddTests]/[method:addPositiveAndNegative()]
display-name: adds positive and negative number
]]></system-out>

    </testcase>

    <testcase classname="ValidatorTest$ValidateBTests" name="throwsPositiveInfinity()" time="0.001">
      <system-out><![CDATA[
unique-id: [engine:junit-jupiter]/[class:ValidatorTest]/[nested-class:ValidateBTests]/[method:throwsPositiveInfinity()]
display-name: throws when b is positive infinity
]]></system-out>

    </testcase>

    <testcase classname="CalculatorHandlerTest$DivideTests" name="divideEven()" time="0">
      <system-out><![CDATA[
unique-id: [engine:junit-jupiter]/[class:CalculatorHandlerTest]/[nested-class:DivideTests]/[method:divideEven()]
display-name: divides two positive numbers evenly
]]></system-out>

    </testcase>

    <testcase classname="CalculatorHandlerTest$MultTests" name="multTwoNegatives()" time="0">
      <system-out><![CDATA[
unique-id: [engine:junit-jupiter]/[class:CalculatorHandlerTest]/[nested-class:MultTests]/[method:multTwoNegatives()]
display-name: multiplies two negatives gives positive
]]></system-out>

    </testcase>

    <testcase classname="ValidatorTest$ValidateOperationTests" name="blankOperation()" time="0.001">
      <system-out><![CDATA[
unique-id: [engine:junit-jupiter]/[class:ValidatorTest]/[nested-class:ValidateOperationTests]/[method:blankOperation()]
display-name: throws when operation is blank (spaces only)
]]></system-out>

    </testcase>

    <testcase classname="JsonUtilTest$FromJsonTwoArgTests" name="deserializesValidRequest()" time="0">
      <system-out><![CDATA[
unique-id: [engine:junit-jupiter]/[class:JsonUtilTest]/[nested-class:FromJsonTwoArgTests]/[method:deserializesValidRequest()]
display-name: deserializes a valid CalculatorRequest JSON
]]></system-out>

    </testcase>

    <testcase classname="CalculatorHandlerTest$DivideTests" name="divideByZeroThrows()" time="0.001">
      <system-out><![CDATA[
unique-id: [engine:junit-jupiter]/[class:CalculatorHandlerTest]/[nested-class:DivideTests]/[method:divideByZeroThrows()]
display-name: throws ArithmeticException when dividing by zero
]]></system-out>

    </testcase>

    <testcase classname="ValidatorTest$ValidateOperationTests" name="stripsWhitespace()" time="0">
      <system-out><![CDATA[
unique-id: [engine:junit-jupiter]/[class:ValidatorTest]/[nested-class:ValidateOperationTests]/[method:stripsWhitespace()]
display-name: strips leading/trailing whitespace
]]></system-out>

    </testcase>

    <testcase classname="JsonUtilTest$ToJsonTests" name="serializesErrorResponse()" time="0">
      <system-out><![CDATA[
unique-id: [engine:junit-jupiter]/[class:JsonUtilTest]/[nested-class:ToJsonTests]/[method:serializesErrorResponse()]
display-name: serializes ErrorResponse correctly
]]></system-out>

    </testcase>

    <testcase classname="JsonUtilTest$ToJsonTests" name="serializesNullField()" time="0">
      <system-out><![CDATA[
unique-id: [engine:junit-jupiter]/[class:JsonUtilTest]/[nested-class:ToJsonTests]/[method:serializesNullField()]
display-name: serializes null fields as null in JSON
]]></system-out>

    </testcase>

    <testcase classname="ValidatorTest$ValidateOperationTests" name="addition()" time="0">
      <system-out><![CDATA[
unique-id: [engine:junit-jupiter]/[class:ValidatorTest]/[nested-class:ValidateOperationTests]/[method:addition()]
display-name: 'addition' maps to 'add'
]]></system-out>

    </testcase>

    <testcase classname="CalculatorHandlerTest$AddTests" name="addDecimals()" time="0">
      <system-out><![CDATA[
unique-id: [engine:junit-jupiter]/[class:CalculatorHandlerTest]/[nested-class:AddTests]/[method:addDecimals()]
display-name: adds two decimal numbers
]]></system-out>

    </testcase>

    <testcase classname="ValidatorTest$ValidateATests" name="throwsTooSmall()" time="0.001">
      <system-out><![CDATA[
unique-id: [engine:junit-jupiter]/[class:ValidatorTest]/[nested-class:ValidateATests]/[method:throwsTooSmall()]
display-name: throws when a is below min (-1,000,000,001)
]]></system-out>

    </testcase>

    <testcase classname="ValidatorTest$ValidateBTests" name="throwsTooLarge()" time="0">
      <system-out><![CDATA[
unique-id: [engine:junit-jupiter]/[class:ValidatorTest]/[nested-class:ValidateBTests]/[method:throwsTooLarge()]
display-name: throws when b exceeds max
]]></system-out>

    </testcase>

    <testcase classname="CalculatorHandlerTest$AddTests" name="addZero()" time="0">
      <system-out><![CDATA[
unique-id: [engine:junit-jupiter]/[class:CalculatorHandlerTest]/[nested-class:AddTests]/[method:addZero()]
display-name: adds zero to a number
]]></system-out>

    </testcase>

    <testcase classname="ValidatorTest$ValidateBTests" name="acceptsZero()" time="0.001">
      <system-out><![CDATA[
unique-id: [engine:junit-jupiter]/[class:ValidatorTest]/[nested-class:ValidateBTests]/[method:acceptsZero()]
display-name: accepts zero
]]></system-out>

    </testcase>

    <testcase classname="CalculatorHandlerTest$DivideTests" name="divideDecimalResult()" time="0">
      <system-out><![CDATA[
unique-id: [engine:junit-jupiter]/[class:CalculatorHandlerTest]/[nested-class:DivideTests]/[method:divideDecimalResult()]
display-name: divides giving a decimal result
]]></system-out>

    </testcase>

    <testcase classname="ValidatorTest$ValidateOperationTests" name="unknownPower()" time="0.005">
      <system-out><![CDATA[
unique-id: [engine:junit-jupiter]/[class:ValidatorTest]/[nested-class:ValidateOperationTests]/[method:unknownPower()]
display-name: throws for unknown operation 'power'
]]></system-out>

    </testcase>

    <testcase classname="ValidatorTest$ValidateOperationTests" name="sub()" time="0">
      <system-out><![CDATA[
unique-id: [engine:junit-jupiter]/[class:ValidatorTest]/[nested-class:ValidateOperationTests]/[method:sub()]
display-name: 'sub' maps to 'sub'
]]></system-out>

    </testcase>

    <system-out><![CDATA[
unique-id: [engine:junit-jupiter]
display-name: JUnit Jupiter
]]></system-out>

  </testsuite>
  <testsuite errors="0" failures="0" hostname="DESKTOP-AD6TP7S" id="1" name="JUnit Platform Suite" package="" skipped="0" tests="0" time="0.002" timestamp="2026-03-11T06:30:41">
    <properties>
[...]
</properties>

    <system-out><![CDATA[
unique-id: [engine:junit-platform-suite]
display-name: JUnit Platform Suite
]]></system-out>

  </testsuite>
  <testsuite errors="0" failures="0" hostname="DESKTOP-AD6TP7S" id="2" name="JUnit Vintage" package="" skipped="0" tests="0" time="0.002" timestamp="2026-03-11T06:30:41">
    <properties>
[...]
</properties>

    <system-out><![CDATA[
unique-id: [engine:junit-vintage]
display-name: JUnit Vintage
]]></system-out>

  </testsuite>
</testsuites>
